[ 2017-03-10T09:07:00+08:00 ] ::1 /index.php/Admin/Config/index.html
INFO: [ app_init ] --START--
INFO: Run Behavior\BuildLiteBehavior [ RunTime:0.000015s ]
INFO: [ app_init ] --END-- [ RunTime:0.025519s ]
INFO: [ app_begin ] --START--
INFO: Run Behavior\ReadHtmlCacheBehavior [ RunTime:0.009997s ]
INFO: [ app_begin ] --END-- [ RunTime:0.010063s ]
SQL: SHOW COLUMNS FROM `farm_auth_group` [ RunTime:0.1628s ]
SQL: SELECT `rules` FROM `farm_auth_group` WHERE `id` = 1 LIMIT 1   [ RunTime:0.0118s ]
SQL: SHOW COLUMNS FROM `farm_auth_rule` [ RunTime:0.0212s ]
SQL: SELECT * FROM `farm_auth_rule` WHERE `id` IN ('1','22','23','20','21','18','19','2','7','4','3','6','14','17','24','25','26','27') ORDER BY sorts asc,id asc  [ RunTime:0.0244s ]
SQL: SHOW COLUMNS FROM `farm_auth_rule` [ RunTime:0.0043s ]
SQL: SELECT * FROM `farm_auth_rule` WHERE `name` = 'Config/index' LIMIT 1   [ RunTime:0.0003s ]
SQL: SHOW COLUMNS FROM `farm_config` [ RunTime:0.0539s ]
SQL: SELECT * FROM `farm_config` WHERE ( type=1 ) ORDER BY id asc  [ RunTime:0.0003s ]
INFO: [ view_parse ] --START--
INFO: [ template_filter ] --START--
INFO: Run Behavior\ContentReplaceBehavior [ RunTime:0.014409s ]
INFO: [ template_filter ] --END-- [ RunTime:0.014464s ]
NOTIC: [8] Undefined index: user_auth D:\xiaolei\farm\Runtime\Cache\Admin\9bb5e7ead1bbec7c3d970a481af28a6e.php 第 83 行.
NOTIC: [8] Undefined index: user_auth D:\xiaolei\farm\Runtime\Cache\Admin\9bb5e7ead1bbec7c3d970a481af28a6e.php 第 85 行.
NOTIC: [8] Undefined index: hasChild D:\xiaolei\farm\Runtime\Cache\Admin\9bb5e7ead1bbec7c3d970a481af28a6e.php 第 94 行.
NOTIC: [8] Undefined index: hasChild D:\xiaolei\farm\Runtime\Cache\Admin\9bb5e7ead1bbec7c3d970a481af28a6e.php 第 94 行.
NOTIC: [8] Undefined index: hasChild D:\xiaolei\farm\Runtime\Cache\Admin\9bb5e7ead1bbec7c3d970a481af28a6e.php 第 94 行.
NOTIC: [8] Undefined index: hasChild D:\xiaolei\farm\Runtime\Cache\Admin\9bb5e7ead1bbec7c3d970a481af28a6e.php 第 94 行.
NOTIC: [8] Undefined index: hasChild D:\xiaolei\farm\Runtime\Cache\Admin\9bb5e7ead1bbec7c3d970a481af28a6e.php 第 94 行.
NOTIC: [8] Undefined index: hasChild D:\xiaolei\farm\Runtime\Cache\Admin\9bb5e7ead1bbec7c3d970a481af28a6e.php 第 94 行.
NOTIC: [8] Undefined index: hasChild D:\xiaolei\farm\Runtime\Cache\Admin\9bb5e7ead1bbec7c3d970a481af28a6e.php 第 94 行.
NOTIC: [8] Undefined index: hasChild D:\xiaolei\farm\Runtime\Cache\Admin\9bb5e7ead1bbec7c3d970a481af28a6e.php 第 94 行.
NOTIC: [8] Undefined index: hasChild D:\xiaolei\farm\Runtime\Cache\Admin\9bb5e7ead1bbec7c3d970a481af28a6e.php 第 94 行.
NOTIC: [8] Undefined index: hasChild D:\xiaolei\farm\Runtime\Cache\Admin\9bb5e7ead1bbec7c3d970a481af28a6e.php 第 94 行.
NOTIC: [8] Undefined variable: version D:\xiaolei\farm\Runtime\Cache\Admin\9bb5e7ead1bbec7c3d970a481af28a6e.php 第 157 行.
NOTIC: [8] Undefined variable: version D:\xiaolei\farm\Runtime\Cache\Admin\9bb5e7ead1bbec7c3d970a481af28a6e.php 第 168 行.
NOTIC: [8] Undefined variable: version D:\xiaolei\farm\Runtime\Cache\Admin\9bb5e7ead1bbec7c3d970a481af28a6e.php 第 171 行.
NOTIC: [8] Undefined variable: version D:\xiaolei\farm\Runtime\Cache\Admin\9bb5e7ead1bbec7c3d970a481af28a6e.php 第 247 行.
INFO: Run Behavior\ParseTemplateBehavior [ RunTime:0.235889s ]
INFO: [ view_parse ] --END-- [ RunTime:0.235926s ]
INFO: [ view_filter ] --START--
INFO: Run Behavior\WriteHtmlCacheBehavior [ RunTime:0.023361s ]
INFO: [ view_filter ] --END-- [ RunTime:0.023404s ]
INFO: [ app_end ] --START--
INFO: Run Behavior\ShowPageTraceBehavior [ RunTime:0.046767s ]
INFO: [ app_end ] --END-- [ RunTime:0.046846s ]

[ 2017-03-10T09:08:49+08:00 ] ::1 /index.php/Admin/Config/level.html
INFO: [ app_init ] --START--
INFO: Run Behavior\BuildLiteBehavior [ RunTime:0.000012s ]
INFO: [ app_init ] --END-- [ RunTime:0.000355s ]
INFO: [ app_begin ] --START--
INFO: Run Behavior\ReadHtmlCacheBehavior [ RunTime:0.000457s ]
INFO: [ app_begin ] --END-- [ RunTime:0.000494s ]
SQL: SHOW COLUMNS FROM `farm_auth_group` [ RunTime:0.0107s ]
SQL: SELECT `rules` FROM `farm_auth_group` WHERE `id` = 1 LIMIT 1   [ RunTime:0.0003s ]
SQL: SHOW COLUMNS FROM `farm_auth_rule` [ RunTime:0.0061s ]
SQL: SELECT * FROM `farm_auth_rule` WHERE `id` IN ('1','22','23','20','21','18','19','2','7','4','3','6','14','17','24','25','26','27') ORDER BY sorts asc,id asc  [ RunTime:0.0004s ]
SQL: SHOW COLUMNS FROM `farm_auth_rule` [ RunTime:0.0043s ]
SQL: SELECT * FROM `farm_auth_rule` WHERE `name` = 'Config/index' LIMIT 1   [ RunTime:0.0003s ]
SQL: SHOW COLUMNS FROM `farm_config` [ RunTime:0.0066s ]

[ 2017-03-10T09:10:32+08:00 ] ::1 /index.php/Admin/Config/level.html
INFO: [ app_init ] --START--
INFO: Run Behavior\BuildLiteBehavior [ RunTime:0.000011s ]
INFO: [ app_init ] --END-- [ RunTime:0.000417s ]
INFO: [ app_begin ] --START--
INFO: Run Behavior\ReadHtmlCacheBehavior [ RunTime:0.000633s ]
INFO: [ app_begin ] --END-- [ RunTime:0.000671s ]
SQL: SHOW COLUMNS FROM `farm_auth_group` [ RunTime:0.0096s ]
SQL: SELECT `rules` FROM `farm_auth_group` WHERE `id` = 1 LIMIT 1   [ RunTime:0.0002s ]
SQL: SHOW COLUMNS FROM `farm_auth_rule` [ RunTime:0.0066s ]
SQL: SELECT * FROM `farm_auth_rule` WHERE `id` IN ('1','22','23','20','21','18','19','2','7','4','3','6','14','17','24','25','26','27') ORDER BY sorts asc,id asc  [ RunTime:0.0004s ]
SQL: SHOW COLUMNS FROM `farm_auth_rule` [ RunTime:0.0039s ]
SQL: SELECT * FROM `farm_auth_rule` WHERE `name` = 'Config/index' LIMIT 1   [ RunTime:0.0002s ]
SQL: SHOW COLUMNS FROM `farm_config` [ RunTime:0.0060s ]
SQL: UPDATE `farm_config` SET `value`='0.01' WHERE ( id=1 ) [ RunTime:0.0435s ]
SQL: UPDATE `farm_config` SET `value`='0.08' WHERE ( id=2 ) [ RunTime:0.0002s ]

[ 2017-03-10T09:11:20+08:00 ] ::1 /index.php/Admin/Config/index.html
INFO: [ app_init ] --START--
INFO: Run Behavior\BuildLiteBehavior [ RunTime:0.000017s ]
INFO: [ app_init ] --END-- [ RunTime:0.000583s ]
INFO: [ app_begin ] --START--
INFO: Run Behavior\ReadHtmlCacheBehavior [ RunTime:0.000474s ]
INFO: [ app_begin ] --END-- [ RunTime:0.000528s ]
SQL: SHOW COLUMNS FROM `farm_auth_group` [ RunTime:0.0097s ]
SQL: SELECT `rules` FROM `farm_auth_group` WHERE `id` = 1 LIMIT 1   [ RunTime:0.0003s ]
SQL: SHOW COLUMNS FROM `farm_auth_rule` [ RunTime:0.0066s ]
SQL: SELECT * FROM `farm_auth_rule` WHERE `id` IN ('1','22','23','20','21','18','19','2','7','4','3','6','14','17','24','25','26','27') ORDER BY sorts asc,id asc  [ RunTime:0.0004s ]
SQL: SHOW COLUMNS FROM `farm_auth_rule` [ RunTime:0.0048s ]
SQL: SELECT * FROM `farm_auth_rule` WHERE `name` = 'Config/index' LIMIT 1   [ RunTime:0.0002s ]
SQL: SHOW COLUMNS FROM `farm_config` [ RunTime:0.0060s ]
SQL: SELECT * FROM `farm_config` WHERE ( type=1 ) ORDER BY id asc  [ RunTime:0.0003s ]
INFO: [ view_parse ] --START--
INFO: [ template_filter ] --START--
INFO: Run Behavior\ContentReplaceBehavior [ RunTime:0.000090s ]
INFO: [ template_filter ] --END-- [ RunTime:0.000132s ]
NOTIC: [8] Undefined index: user_auth D:\xiaolei\farm\Runtime\Cache\Admin\9bb5e7ead1bbec7c3d970a481af28a6e.php 第 83 行.
NOTIC: [8] Undefined index: user_auth D:\xiaolei\farm\Runtime\Cache\Admin\9bb5e7ead1bbec7c3d970a481af28a6e.php 第 85 行.
NOTIC: [8] Undefined index: hasChild D:\xiaolei\farm\Runtime\Cache\Admin\9bb5e7ead1bbec7c3d970a481af28a6e.php 第 94 行.
NOTIC: [8] Undefined index: hasChild D:\xiaolei\farm\Runtime\Cache\Admin\9bb5e7ead1bbec7c3d970a481af28a6e.php 第 94 行.
NOTIC: [8] Undefined index: hasChild D:\xiaolei\farm\Runtime\Cache\Admin\9bb5e7ead1bbec7c3d970a481af28a6e.php 第 94 行.
NOTIC: [8] Undefined index: hasChild D:\xiaolei\farm\Runtime\Cache\Admin\9bb5e7ead1bbec7c3d970a481af28a6e.php 第 94 行.
NOTIC: [8] Undefined index: hasChild D:\xiaolei\farm\Runtime\Cache\Admin\9bb5e7ead1bbec7c3d970a481af28a6e.php 第 94 行.
NOTIC: [8] Undefined index: hasChild D:\xiaolei\farm\Runtime\Cache\Admin\9bb5e7ead1bbec7c3d970a481af28a6e.php 第 94 行.
NOTIC: [8] Undefined index: hasChild D:\xiaolei\farm\Runtime\Cache\Admin\9bb5e7ead1bbec7c3d970a481af28a6e.php 第 94 行.
NOTIC: [8] Undefined index: hasChild D:\xiaolei\farm\Runtime\Cache\Admin\9bb5e7ead1bbec7c3d970a481af28a6e.php 第 94 行.
NOTIC: [8] Undefined index: hasChild D:\xiaolei\farm\Runtime\Cache\Admin\9bb5e7ead1bbec7c3d970a481af28a6e.php 第 94 行.
NOTIC: [8] Undefined index: hasChild D:\xiaolei\farm\Runtime\Cache\Admin\9bb5e7ead1bbec7c3d970a481af28a6e.php 第 94 行.
NOTIC: [8] Undefined variable: version D:\xiaolei\farm\Runtime\Cache\Admin\9bb5e7ead1bbec7c3d970a481af28a6e.php 第 157 行.
NOTIC: [8] Undefined variable: version D:\xiaolei\farm\Runtime\Cache\Admin\9bb5e7ead1bbec7c3d970a481af28a6e.php 第 168 行.
NOTIC: [8] Undefined variable: version D:\xiaolei\farm\Runtime\Cache\Admin\9bb5e7ead1bbec7c3d970a481af28a6e.php 第 171 行.
NOTIC: [8] Undefined variable: version D:\xiaolei\farm\Runtime\Cache\Admin\9bb5e7ead1bbec7c3d970a481af28a6e.php 第 247 行.
INFO: Run Behavior\ParseTemplateBehavior [ RunTime:0.050321s ]
INFO: [ view_parse ] --END-- [ RunTime:0.050362s ]
INFO: [ view_filter ] --START--
INFO: Run Behavior\WriteHtmlCacheBehavior [ RunTime:0.000421s ]
INFO: [ view_filter ] --END-- [ RunTime:0.000450s ]
INFO: [ app_end ] --START--
INFO: Run Behavior\ShowPageTraceBehavior [ RunTime:0.001206s ]
INFO: [ app_end ] --END-- [ RunTime:0.001282s ]

[ 2017-03-10T09:11:43+08:00 ] ::1 /index.php/Admin/Config/level.html
INFO: [ app_init ] --START--
INFO: Run Behavior\BuildLiteBehavior [ RunTime:0.000026s ]
INFO: [ app_init ] --END-- [ RunTime:0.000699s ]
INFO: [ app_begin ] --START--
INFO: Run Behavior\ReadHtmlCacheBehavior [ RunTime:0.000662s ]
INFO: [ app_begin ] --END-- [ RunTime:0.000819s ]
SQL: SHOW COLUMNS FROM `farm_auth_group` [ RunTime:0.0109s ]
SQL: SELECT `rules` FROM `farm_auth_group` WHERE `id` = 1 LIMIT 1   [ RunTime:0.0002s ]
SQL: SHOW COLUMNS FROM `farm_auth_rule` [ RunTime:0.0061s ]
SQL: SELECT * FROM `farm_auth_rule` WHERE `id` IN ('1','22','23','20','21','18','19','2','7','4','3','6','14','17','24','25','26','27') ORDER BY sorts asc,id asc  [ RunTime:0.0004s ]
SQL: SHOW COLUMNS FROM `farm_auth_rule` [ RunTime:0.0039s ]
SQL: SELECT * FROM `farm_auth_rule` WHERE `name` = 'Config/index' LIMIT 1   [ RunTime:0.0002s ]
SQL: SHOW COLUMNS FROM `farm_config` [ RunTime:0.0060s ]
SQL: UPDATE `farm_config` SET `value`='0.01' WHERE ( id=1 ) [ RunTime:0.0002s ]
SQL: UPDATE `farm_config` SET `value`='0.02' WHERE ( id=2 ) [ RunTime:0.0002s ]
SQL: UPDATE `farm_config` SET `value`='0.03' WHERE ( id=3 ) [ RunTime:0.0002s ]
SQL: UPDATE `farm_config` SET `value`='0.04' WHERE ( id=4 ) [ RunTime:0.0001s ]
SQL: UPDATE `farm_config` SET `value`='0.05' WHERE ( id=5 ) [ RunTime:0.0001s ]
SQL: UPDATE `farm_config` SET `value`='0.06' WHERE ( id=6 ) [ RunTime:0.0001s ]
SQL: UPDATE `farm_config` SET `value`='0.07' WHERE ( id=7 ) [ RunTime:0.0001s ]

[ 2017-03-10T09:11:56+08:00 ] ::1 /index.php/Admin/Config/index.html
INFO: [ app_init ] --START--
INFO: Run Behavior\BuildLiteBehavior [ RunTime:0.000011s ]
INFO: [ app_init ] --END-- [ RunTime:0.000339s ]
INFO: [ app_begin ] --START--
INFO: Run Behavior\ReadHtmlCacheBehavior [ RunTime:0.000477s ]
INFO: [ app_begin ] --END-- [ RunTime:0.000515s ]
SQL: SHOW COLUMNS FROM `farm_auth_group` [ RunTime:0.0111s ]
SQL: SELECT `rules` FROM `farm_auth_group` WHERE `id` = 1 LIMIT 1   [ RunTime:0.0002s ]
SQL: SHOW COLUMNS FROM `farm_auth_rule` [ RunTime:0.0065s ]
SQL: SELECT * FROM `farm_auth_rule` WHERE `id` IN ('1','22','23','20','21','18','19','2','7','4','3','6','14','17','24','25','26','27') ORDER BY sorts asc,id asc  [ RunTime:0.0004s ]
SQL: SHOW COLUMNS FROM `farm_auth_rule` [ RunTime:0.0041s ]
SQL: SELECT * FROM `farm_auth_rule` WHERE `name` = 'Config/index' LIMIT 1   [ RunTime:0.0003s ]
SQL: SHOW COLUMNS FROM `farm_config` [ RunTime:0.0067s ]
SQL: SELECT * FROM `farm_config` WHERE ( type=1 ) ORDER BY id asc  [ RunTime:0.0004s ]
INFO: [ view_parse ] --START--
INFO: [ template_filter ] --START--
INFO: Run Behavior\ContentReplaceBehavior [ RunTime:0.000088s ]
INFO: [ template_filter ] --END-- [ RunTime:0.000128s ]
NOTIC: [8] Undefined index: user_auth D:\xiaolei\farm\Runtime\Cache\Admin\9bb5e7ead1bbec7c3d970a481af28a6e.php 第 83 行.
NOTIC: [8] Undefined index: user_auth D:\xiaolei\farm\Runtime\Cache\Admin\9bb5e7ead1bbec7c3d970a481af28a6e.php 第 85 行.
NOTIC: [8] Undefined index: hasChild D:\xiaolei\farm\Runtime\Cache\Admin\9bb5e7ead1bbec7c3d970a481af28a6e.php 第 94 行.
NOTIC: [8] Undefined index: hasChild D:\xiaolei\farm\Runtime\Cache\Admin\9bb5e7ead1bbec7c3d970a481af28a6e.php 第 94 行.
NOTIC: [8] Undefined index: hasChild D:\xiaolei\farm\Runtime\Cache\Admin\9bb5e7ead1bbec7c3d970a481af28a6e.php 第 94 行.
NOTIC: [8] Undefined index: hasChild D:\xiaolei\farm\Runtime\Cache\Admin\9bb5e7ead1bbec7c3d970a481af28a6e.php 第 94 行.
NOTIC: [8] Undefined index: hasChild D:\xiaolei\farm\Runtime\Cache\Admin\9bb5e7ead1bbec7c3d970a481af28a6e.php 第 94 行.
NOTIC: [8] Undefined index: hasChild D:\xiaolei\farm\Runtime\Cache\Admin\9bb5e7ead1bbec7c3d970a481af28a6e.php 第 94 行.
NOTIC: [8] Undefined index: hasChild D:\xiaolei\farm\Runtime\Cache\Admin\9bb5e7ead1bbec7c3d970a481af28a6e.php 第 94 行.
NOTIC: [8] Undefined index: hasChild D:\xiaolei\farm\Runtime\Cache\Admin\9bb5e7ead1bbec7c3d970a481af28a6e.php 第 94 行.
NOTIC: [8] Undefined index: hasChild D:\xiaolei\farm\Runtime\Cache\Admin\9bb5e7ead1bbec7c3d970a481af28a6e.php 第 94 行.
NOTIC: [8] Undefined index: hasChild D:\xiaolei\farm\Runtime\Cache\Admin\9bb5e7ead1bbec7c3d970a481af28a6e.php 第 94 行.
NOTIC: [8] Undefined variable: version D:\xiaolei\farm\Runtime\Cache\Admin\9bb5e7ead1bbec7c3d970a481af28a6e.php 第 157 行.
NOTIC: [8] Undefined variable: version D:\xiaolei\farm\Runtime\Cache\Admin\9bb5e7ead1bbec7c3d970a481af28a6e.php 第 168 行.
NOTIC: [8] Undefined variable: version D:\xiaolei\farm\Runtime\Cache\Admin\9bb5e7ead1bbec7c3d970a481af28a6e.php 第 171 行.
NOTIC: [8] Undefined variable: version D:\xiaolei\farm\Runtime\Cache\Admin\9bb5e7ead1bbec7c3d970a481af28a6e.php 第 247 行.
INFO: Run Behavior\ParseTemplateBehavior [ RunTime:0.048556s ]
INFO: [ view_parse ] --END-- [ RunTime:0.048610s ]
INFO: [ view_filter ] --START--
INFO: Run Behavior\WriteHtmlCacheBehavior [ RunTime:0.000283s ]
INFO: [ view_filter ] --END-- [ RunTime:0.000311s ]
INFO: [ app_end ] --START--
INFO: Run Behavior\ShowPageTraceBehavior [ RunTime:0.000827s ]
INFO: [ app_end ] --END-- [ RunTime:0.000902s ]

[ 2017-03-10T09:15:22+08:00 ] 192.168.0.186 /
INFO: [ app_init ] --START--
INFO: Run Behavior\BuildLiteBehavior [ RunTime:0.000010s ]
INFO: [ app_init ] --END-- [ RunTime:0.000417s ]
INFO: [ app_begin ] --START--
INFO: Run Behavior\ReadHtmlCacheBehavior [ RunTime:0.000629s ]
INFO: [ app_begin ] --END-- [ RunTime:0.000668s ]

[ 2017-03-10T09:16:24+08:00 ] ::1 /index.php/Admin/Config/index.html
INFO: [ app_init ] --START--
INFO: Run Behavior\BuildLiteBehavior [ RunTime:0.000013s ]
INFO: [ app_init ] --END-- [ RunTime:0.000425s ]
INFO: [ app_begin ] --START--
INFO: Run Behavior\ReadHtmlCacheBehavior [ RunTime:0.000466s ]
INFO: [ app_begin ] --END-- [ RunTime:0.000506s ]
SQL: SHOW COLUMNS FROM `farm_auth_group` [ RunTime:0.0085s ]
SQL: SELECT `rules` FROM `farm_auth_group` WHERE `id` = 1 LIMIT 1   [ RunTime:0.0002s ]
SQL: SHOW COLUMNS FROM `farm_auth_rule` [ RunTime:0.0059s ]
SQL: SELECT * FROM `farm_auth_rule` WHERE `id` IN ('1','22','23','20','21','18','19','2','7','4','3','6','14','17','24','25','26','27') ORDER BY sorts asc,id asc  [ RunTime:0.0003s ]
SQL: SHOW COLUMNS FROM `farm_auth_rule` [ RunTime:0.0044s ]
SQL: SELECT * FROM `farm_auth_rule` WHERE `name` = 'Config/index' LIMIT 1   [ RunTime:0.0002s ]
SQL: SHOW COLUMNS FROM `farm_config` [ RunTime:0.0072s ]
SQL: SELECT * FROM `farm_config` WHERE ( type=1 ) ORDER BY id asc  [ RunTime:0.0003s ]
INFO: [ view_parse ] --START--
INFO: [ template_filter ] --START--
INFO: Run Behavior\ContentReplaceBehavior [ RunTime:0.000092s ]
INFO: [ template_filter ] --END-- [ RunTime:0.000135s ]
NOTIC: [8] Undefined index: user_auth D:\xiaolei\farm\Runtime\Cache\Admin\9bb5e7ead1bbec7c3d970a481af28a6e.php 第 83 行.
NOTIC: [8] Undefined index: user_auth D:\xiaolei\farm\Runtime\Cache\Admin\9bb5e7ead1bbec7c3d970a481af28a6e.php 第 85 行.
NOTIC: [8] Undefined index: hasChild D:\xiaolei\farm\Runtime\Cache\Admin\9bb5e7ead1bbec7c3d970a481af28a6e.php 第 94 行.
NOTIC: [8] Undefined index: hasChild D:\xiaolei\farm\Runtime\Cache\Admin\9bb5e7ead1bbec7c3d970a481af28a6e.php 第 94 行.
NOTIC: [8] Undefined index: hasChild D:\xiaolei\farm\Runtime\Cache\Admin\9bb5e7ead1bbec7c3d970a481af28a6e.php 第 94 行.
NOTIC: [8] Undefined index: hasChild D:\xiaolei\farm\Runtime\Cache\Admin\9bb5e7ead1bbec7c3d970a481af28a6e.php 第 94 行.
NOTIC: [8] Undefined index: hasChild D:\xiaolei\farm\Runtime\Cache\Admin\9bb5e7ead1bbec7c3d970a481af28a6e.php 第 94 行.
NOTIC: [8] Undefined index: hasChild D:\xiaolei\farm\Runtime\Cache\Admin\9bb5e7ead1bbec7c3d970a481af28a6e.php 第 94 行.
NOTIC: [8] Undefined index: hasChild D:\xiaolei\farm\Runtime\Cache\Admin\9bb5e7ead1bbec7c3d970a481af28a6e.php 第 94 行.
NOTIC: [8] Undefined index: hasChild D:\xiaolei\farm\Runtime\Cache\Admin\9bb5e7ead1bbec7c3d970a481af28a6e.php 第 94 行.
NOTIC: [8] Undefined index: hasChild D:\xiaolei\farm\Runtime\Cache\Admin\9bb5e7ead1bbec7c3d970a481af28a6e.php 第 94 行.
NOTIC: [8] Undefined index: hasChild D:\xiaolei\farm\Runtime\Cache\Admin\9bb5e7ead1bbec7c3d970a481af28a6e.php 第 94 行.
NOTIC: [8] Undefined variable: version D:\xiaolei\farm\Runtime\Cache\Admin\9bb5e7ead1bbec7c3d970a481af28a6e.php 第 157 行.
NOTIC: [8] Undefined variable: version D:\xiaolei\farm\Runtime\Cache\Admin\9bb5e7ead1bbec7c3d970a481af28a6e.php 第 168 行.
NOTIC: [8] Undefined variable: version D:\xiaolei\farm\Runtime\Cache\Admin\9bb5e7ead1bbec7c3d970a481af28a6e.php 第 171 行.
NOTIC: [8] Undefined variable: version D:\xiaolei\farm\Runtime\Cache\Admin\9bb5e7ead1bbec7c3d970a481af28a6e.php 第 247 行.
INFO: Run Behavior\ParseTemplateBehavior [ RunTime:0.064646s ]
INFO: [ view_parse ] --END-- [ RunTime:0.064690s ]
INFO: [ view_filter ] --START--
INFO: Run Behavior\WriteHtmlCacheBehavior [ RunTime:0.000467s ]
INFO: [ view_filter ] --END-- [ RunTime:0.000498s ]
INFO: [ app_end ] --START--
INFO: Run Behavior\ShowPageTraceBehavior [ RunTime:0.001085s ]
INFO: [ app_end ] --END-- [ RunTime:0.001165s ]

[ 2017-03-10T09:17:45+08:00 ] ::1 /index.php/Admin/Config/index.html
INFO: [ app_init ] --START--
INFO: Run Behavior\BuildLiteBehavior [ RunTime:0.000012s ]
INFO: [ app_init ] --END-- [ RunTime:0.000452s ]
INFO: [ app_begin ] --START--
INFO: Run Behavior\ReadHtmlCacheBehavior [ RunTime:0.000676s ]
INFO: [ app_begin ] --END-- [ RunTime:0.000718s ]
SQL: SHOW COLUMNS FROM `farm_auth_group` [ RunTime:0.0084s ]
SQL: SELECT `rules` FROM `farm_auth_group` WHERE `id` = 1 LIMIT 1   [ RunTime:0.0002s ]
SQL: SHOW COLUMNS FROM `farm_auth_rule` [ RunTime:0.0064s ]
SQL: SELECT * FROM `farm_auth_rule` WHERE `id` IN ('1','22','23','20','21','18','19','2','7','4','3','6','14','17','24','25','26','27') ORDER BY sorts asc,id asc  [ RunTime:0.0004s ]
SQL: SHOW COLUMNS FROM `farm_auth_rule` [ RunTime:0.0043s ]
SQL: SELECT * FROM `farm_auth_rule` WHERE `name` = 'Config/index' LIMIT 1   [ RunTime:0.0003s ]
SQL: SHOW COLUMNS FROM `farm_config` [ RunTime:0.0060s ]
SQL: SELECT * FROM `farm_config` WHERE ( type=1 ) ORDER BY id asc  [ RunTime:0.0003s ]
INFO: [ view_parse ] --START--
INFO: [ template_filter ] --START--
INFO: Run Behavior\ContentReplaceBehavior [ RunTime:0.000089s ]
INFO: [ template_filter ] --END-- [ RunTime:0.000128s ]
NOTIC: [8] Undefined index: user_auth D:\xiaolei\farm\Runtime\Cache\Admin\9bb5e7ead1bbec7c3d970a481af28a6e.php 第 83 行.
NOTIC: [8] Undefined index: user_auth D:\xiaolei\farm\Runtime\Cache\Admin\9bb5e7ead1bbec7c3d970a481af28a6e.php 第 85 行.
NOTIC: [8] Undefined index: hasChild D:\xiaolei\farm\Runtime\Cache\Admin\9bb5e7ead1bbec7c3d970a481af28a6e.php 第 94 行.
NOTIC: [8] Undefined index: hasChild D:\xiaolei\farm\Runtime\Cache\Admin\9bb5e7ead1bbec7c3d970a481af28a6e.php 第 94 行.
NOTIC: [8] Undefined index: hasChild D:\xiaolei\farm\Runtime\Cache\Admin\9bb5e7ead1bbec7c3d970a481af28a6e.php 第 94 行.
NOTIC: [8] Undefined index: hasChild D:\xiaolei\farm\Runtime\Cache\Admin\9bb5e7ead1bbec7c3d970a481af28a6e.php 第 94 行.
NOTIC: [8] Undefined index: hasChild D:\xiaolei\farm\Runtime\Cache\Admin\9bb5e7ead1bbec7c3d970a481af28a6e.php 第 94 行.
NOTIC: [8] Undefined index: hasChild D:\xiaolei\farm\Runtime\Cache\Admin\9bb5e7ead1bbec7c3d970a481af28a6e.php 第 94 行.
NOTIC: [8] Undefined index: hasChild D:\xiaolei\farm\Runtime\Cache\Admin\9bb5e7ead1bbec7c3d970a481af28a6e.php 第 94 行.
NOTIC: [8] Undefined index: hasChild D:\xiaolei\farm\Runtime\Cache\Admin\9bb5e7ead1bbec7c3d970a481af28a6e.php 第 94 行.
NOTIC: [8] Undefined index: hasChild D:\xiaolei\farm\Runtime\Cache\Admin\9bb5e7ead1bbec7c3d970a481af28a6e.php 第 94 行.
NOTIC: [8] Undefined index: hasChild D:\xiaolei\farm\Runtime\Cache\Admin\9bb5e7ead1bbec7c3d970a481af28a6e.php 第 94 行.
NOTIC: [8] Undefined variable: version D:\xiaolei\farm\Runtime\Cache\Admin\9bb5e7ead1bbec7c3d970a481af28a6e.php 第 157 行.
NOTIC: [8] Undefined variable: version D:\xiaolei\farm\Runtime\Cache\Admin\9bb5e7ead1bbec7c3d970a481af28a6e.php 第 168 行.
NOTIC: [8] Undefined variable: version D:\xiaolei\farm\Runtime\Cache\Admin\9bb5e7ead1bbec7c3d970a481af28a6e.php 第 171 行.
NOTIC: [8] Undefined variable: version D:\xiaolei\farm\Runtime\Cache\Admin\9bb5e7ead1bbec7c3d970a481af28a6e.php 第 247 行.
INFO: Run Behavior\ParseTemplateBehavior [ RunTime:0.048497s ]
INFO: [ view_parse ] --END-- [ RunTime:0.048537s ]
INFO: [ view_filter ] --START--
INFO: Run Behavior\WriteHtmlCacheBehavior [ RunTime:0.000272s ]
INFO: [ view_filter ] --END-- [ RunTime:0.000299s ]
INFO: [ app_end ] --START--
INFO: Run Behavior\ShowPageTraceBehavior [ RunTime:0.000913s ]
INFO: [ app_end ] --END-- [ RunTime:0.000980s ]

[ 2017-03-10T09:29:51+08:00 ] ::1 /index.php/Admin/Config/index.html
INFO: [ app_init ] --START--
INFO: Run Behavior\BuildLiteBehavior [ RunTime:0.000011s ]
INFO: [ app_init ] --END-- [ RunTime:0.000412s ]
INFO: [ app_begin ] --START--
INFO: Run Behavior\ReadHtmlCacheBehavior [ RunTime:0.000714s ]
INFO: [ app_begin ] --END-- [ RunTime:0.000764s ]
SQL: SHOW COLUMNS FROM `farm_auth_group` [ RunTime:0.0087s ]
SQL: SELECT `rules` FROM `farm_auth_group` WHERE `id` = 1 LIMIT 1   [ RunTime:0.0002s ]
SQL: SHOW COLUMNS FROM `farm_auth_rule` [ RunTime:0.0086s ]
SQL: SELECT * FROM `farm_auth_rule` WHERE `id` IN ('1','22','23','20','21','18','19','2','7','4','3','6','14','17','24','25','26','27') ORDER BY sorts asc,id asc  [ RunTime:0.0004s ]
SQL: SHOW COLUMNS FROM `farm_auth_rule` [ RunTime:0.0044s ]
SQL: SELECT * FROM `farm_auth_rule` WHERE `name` = 'Config/index' LIMIT 1   [ RunTime:0.0002s ]
SQL: SHOW COLUMNS FROM `farm_config` [ RunTime:0.0059s ]
SQL: SELECT * FROM `farm_config` WHERE ( type=1 ) ORDER BY id asc  [ RunTime:0.0003s ]
INFO: [ view_parse ] --START--
INFO: [ template_filter ] --START--
INFO: Run Behavior\ContentReplaceBehavior [ RunTime:0.000098s ]
INFO: [ template_filter ] --END-- [ RunTime:0.000137s ]
NOTIC: [8] Undefined index: user_auth D:\xiaolei\farm\Runtime\Cache\Admin\9bb5e7ead1bbec7c3d970a481af28a6e.php 第 83 行.
NOTIC: [8] Undefined index: user_auth D:\xiaolei\farm\Runtime\Cache\Admin\9bb5e7ead1bbec7c3d970a481af28a6e.php 第 85 行.
NOTIC: [8] Undefined index: hasChild D:\xiaolei\farm\Runtime\Cache\Admin\9bb5e7ead1bbec7c3d970a481af28a6e.php 第 94 行.
NOTIC: [8] Undefined index: hasChild D:\xiaolei\farm\Runtime\Cache\Admin\9bb5e7ead1bbec7c3d970a481af28a6e.php 第 94 行.
NOTIC: [8] Undefined index: hasChild D:\xiaolei\farm\Runtime\Cache\Admin\9bb5e7ead1bbec7c3d970a481af28a6e.php 第 94 行.
NOTIC: [8] Undefined index: hasChild D:\xiaolei\farm\Runtime\Cache\Admin\9bb5e7ead1bbec7c3d970a481af28a6e.php 第 94 行.
NOTIC: [8] Undefined index: hasChild D:\xiaolei\farm\Runtime\Cache\Admin\9bb5e7ead1bbec7c3d970a481af28a6e.php 第 94 行.
NOTIC: [8] Undefined index: hasChild D:\xiaolei\farm\Runtime\Cache\Admin\9bb5e7ead1bbec7c3d970a481af28a6e.php 第 94 行.
NOTIC: [8] Undefined index: hasChild D:\xiaolei\farm\Runtime\Cache\Admin\9bb5e7ead1bbec7c3d970a481af28a6e.php 第 94 行.
NOTIC: [8] Undefined index: hasChild D:\xiaolei\farm\Runtime\Cache\Admin\9bb5e7ead1bbec7c3d970a481af28a6e.php 第 94 行.
NOTIC: [8] Undefined index: hasChild D:\xiaolei\farm\Runtime\Cache\Admin\9bb5e7ead1bbec7c3d970a481af28a6e.php 第 94 行.
NOTIC: [8] Undefined index: hasChild D:\xiaolei\farm\Runtime\Cache\Admin\9bb5e7ead1bbec7c3d970a481af28a6e.php 第 94 行.
NOTIC: [8] Undefined variable: version D:\xiaolei\farm\Runtime\Cache\Admin\9bb5e7ead1bbec7c3d970a481af28a6e.php 第 171 行.
NOTIC: [8] Undefined variable: version D:\xiaolei\farm\Runtime\Cache\Admin\9bb5e7ead1bbec7c3d970a481af28a6e.php 第 182 行.
NOTIC: [8] Undefined variable: version D:\xiaolei\farm\Runtime\Cache\Admin\9bb5e7ead1bbec7c3d970a481af28a6e.php 第 185 行.
NOTIC: [8] Undefined variable: version D:\xiaolei\farm\Runtime\Cache\Admin\9bb5e7ead1bbec7c3d970a481af28a6e.php 第 261 行.
INFO: Run Behavior\ParseTemplateBehavior [ RunTime:0.062969s ]
INFO: [ view_parse ] --END-- [ RunTime:0.063031s ]
INFO: [ view_filter ] --START--
INFO: Run Behavior\WriteHtmlCacheBehavior [ RunTime:0.000529s ]
INFO: [ view_filter ] --END-- [ RunTime:0.000560s ]
INFO: [ app_end ] --START--
INFO: Run Behavior\ShowPageTraceBehavior [ RunTime:0.001118s ]
INFO: [ app_end ] --END-- [ RunTime:0.001191s ]

[ 2017-03-10T09:30:24+08:00 ] ::1 /index.php/Admin/Config/index.html
INFO: [ app_init ] --START--
INFO: Run Behavior\BuildLiteBehavior [ RunTime:0.000012s ]
INFO: [ app_init ] --END-- [ RunTime:0.000376s ]
INFO: [ app_begin ] --START--
INFO: Run Behavior\ReadHtmlCacheBehavior [ RunTime:0.000468s ]
INFO: [ app_begin ] --END-- [ RunTime:0.000508s ]
SQL: SHOW COLUMNS FROM `farm_auth_group` [ RunTime:0.0090s ]
SQL: SELECT `rules` FROM `farm_auth_group` WHERE `id` = 1 LIMIT 1   [ RunTime:0.0003s ]
SQL: SHOW COLUMNS FROM `farm_auth_rule` [ RunTime:0.0060s ]
SQL: SELECT * FROM `farm_auth_rule` WHERE `id` IN ('1','22','23','20','21','18','19','2','7','4','3','6','14','17','24','25','26','27') ORDER BY sorts asc,id asc  [ RunTime:0.0004s ]
SQL: SHOW COLUMNS FROM `farm_auth_rule` [ RunTime:0.0052s ]
SQL: SELECT * FROM `farm_auth_rule` WHERE `name` = 'Config/index' LIMIT 1   [ RunTime:0.0003s ]
SQL: SHOW COLUMNS FROM `farm_config` [ RunTime:0.0062s ]
SQL: SELECT * FROM `farm_config` WHERE ( type=1 ) ORDER BY id asc  [ RunTime:0.0003s ]
INFO: [ view_parse ] --START--
INFO: [ template_filter ] --START--
INFO: Run Behavior\ContentReplaceBehavior [ RunTime:0.000100s ]
INFO: [ template_filter ] --END-- [ RunTime:0.000144s ]
NOTIC: [8] Undefined index: user_auth D:\xiaolei\farm\Runtime\Cache\Admin\9bb5e7ead1bbec7c3d970a481af28a6e.php 第 83 行.
NOTIC: [8] Undefined index: user_auth D:\xiaolei\farm\Runtime\Cache\Admin\9bb5e7ead1bbec7c3d970a481af28a6e.php 第 85 行.
NOTIC: [8] Undefined index: hasChild D:\xiaolei\farm\Runtime\Cache\Admin\9bb5e7ead1bbec7c3d970a481af28a6e.php 第 94 行.
NOTIC: [8] Undefined index: hasChild D:\xiaolei\farm\Runtime\Cache\Admin\9bb5e7ead1bbec7c3d970a481af28a6e.php 第 94 行.
NOTIC: [8] Undefined index: hasChild D:\xiaolei\farm\Runtime\Cache\Admin\9bb5e7ead1bbec7c3d970a481af28a6e.php 第 94 行.
NOTIC: [8] Undefined index: hasChild D:\xiaolei\farm\Runtime\Cache\Admin\9bb5e7ead1bbec7c3d970a481af28a6e.php 第 94 行.
NOTIC: [8] Undefined index: hasChild D:\xiaolei\farm\Runtime\Cache\Admin\9bb5e7ead1bbec7c3d970a481af28a6e.php 第 94 行.
NOTIC: [8] Undefined index: hasChild D:\xiaolei\farm\Runtime\Cache\Admin\9bb5e7ead1bbec7c3d970a481af28a6e.php 第 94 行.
NOTIC: [8] Undefined index: hasChild D:\xiaolei\farm\Runtime\Cache\Admin\9bb5e7ead1bbec7c3d970a481af28a6e.php 第 94 行.
NOTIC: [8] Undefined index: hasChild D:\xiaolei\farm\Runtime\Cache\Admin\9bb5e7ead1bbec7c3d970a481af28a6e.php 第 94 行.
NOTIC: [8] Undefined index: hasChild D:\xiaolei\farm\Runtime\Cache\Admin\9bb5e7ead1bbec7c3d970a481af28a6e.php 第 94 行.
NOTIC: [8] Undefined index: hasChild D:\xiaolei\farm\Runtime\Cache\Admin\9bb5e7ead1bbec7c3d970a481af28a6e.php 第 94 行.
NOTIC: [8] Undefined variable: version D:\xiaolei\farm\Runtime\Cache\Admin\9bb5e7ead1bbec7c3d970a481af28a6e.php 第 171 行.
NOTIC: [8] Undefined variable: version D:\xiaolei\farm\Runtime\Cache\Admin\9bb5e7ead1bbec7c3d970a481af28a6e.php 第 182 行.
NOTIC: [8] Undefined variable: version D:\xiaolei\farm\Runtime\Cache\Admin\9bb5e7ead1bbec7c3d970a481af28a6e.php 第 185 行.
NOTIC: [8] Undefined variable: version D:\xiaolei\farm\Runtime\Cache\Admin\9bb5e7ead1bbec7c3d970a481af28a6e.php 第 261 行.
INFO: Run Behavior\ParseTemplateBehavior [ RunTime:0.047757s ]
INFO: [ view_parse ] --END-- [ RunTime:0.047797s ]
INFO: [ view_filter ] --START--
INFO: Run Behavior\WriteHtmlCacheBehavior [ RunTime:0.000270s ]
INFO: [ view_filter ] --END-- [ RunTime:0.000299s ]
INFO: [ app_end ] --START--
INFO: Run Behavior\ShowPageTraceBehavior [ RunTime:0.000765s ]
INFO: [ app_end ] --END-- [ RunTime:0.000827s ]

[ 2017-03-10T09:30:25+08:00 ] ::1 /
INFO: [ app_init ] --START--
INFO: Run Behavior\BuildLiteBehavior [ RunTime:0.000016s ]
INFO: [ app_init ] --END-- [ RunTime:0.000580s ]
INFO: [ app_begin ] --START--
INFO: Run Behavior\ReadHtmlCacheBehavior [ RunTime:0.000747s ]
INFO: [ app_begin ] --END-- [ RunTime:0.000801s ]

[ 2017-03-10T09:30:25+08:00 ] ::1 /index.php/Admin/Login/index.html
INFO: [ app_init ] --START--
INFO: Run Behavior\BuildLiteBehavior [ RunTime:0.000013s ]
INFO: [ app_init ] --END-- [ RunTime:0.000382s ]
INFO: [ app_begin ] --START--
INFO: Run Behavior\ReadHtmlCacheBehavior [ RunTime:0.000674s ]
INFO: [ app_begin ] --END-- [ RunTime:0.000734s ]
INFO: [ view_parse ] --START--
INFO: [ template_filter ] --START--
INFO: Run Behavior\ContentReplaceBehavior [ RunTime:0.000061s ]
INFO: [ template_filter ] --END-- [ RunTime:0.000106s ]
INFO: Run Behavior\ParseTemplateBehavior [ RunTime:0.107847s ]
INFO: [ view_parse ] --END-- [ RunTime:0.107902s ]
INFO: [ view_filter ] --START--
INFO: Run Behavior\WriteHtmlCacheBehavior [ RunTime:0.000441s ]
INFO: [ view_filter ] --END-- [ RunTime:0.000475s ]
INFO: [ app_end ] --START--
INFO: Run Behavior\ShowPageTraceBehavior [ RunTime:0.000621s ]
INFO: [ app_end ] --END-- [ RunTime:0.000656s ]

[ 2017-03-10T09:30:25+08:00 ] ::1 /
INFO: [ app_init ] --START--
INFO: Run Behavior\BuildLiteBehavior [ RunTime:0.000011s ]
INFO: [ app_init ] --END-- [ RunTime:0.000349s ]
INFO: [ app_begin ] --START--
INFO: Run Behavior\ReadHtmlCacheBehavior [ RunTime:0.000455s ]
INFO: [ app_begin ] --END-- [ RunTime:0.000494s ]

[ 2017-03-10T09:30:25+08:00 ] ::1 /index.php/Admin/Login/index.html
INFO: [ app_init ] --START--
INFO: Run Behavior\BuildLiteBehavior [ RunTime:0.000014s ]
INFO: [ app_init ] --END-- [ RunTime:0.000336s ]
INFO: [ app_begin ] --START--
INFO: Run Behavior\ReadHtmlCacheBehavior [ RunTime:0.000452s ]
INFO: [ app_begin ] --END-- [ RunTime:0.000489s ]
INFO: [ view_parse ] --START--
INFO: [ template_filter ] --START--
INFO: Run Behavior\ContentReplaceBehavior [ RunTime:0.000058s ]
INFO: [ template_filter ] --END-- [ RunTime:0.000094s ]
INFO: Run Behavior\ParseTemplateBehavior [ RunTime:0.005172s ]
INFO: [ view_parse ] --END-- [ RunTime:0.005212s ]
INFO: [ view_filter ] --START--
INFO: Run Behavior\WriteHtmlCacheBehavior [ RunTime:0.000270s ]
INFO: [ view_filter ] --END-- [ RunTime:0.000300s ]
INFO: [ app_end ] --START--
INFO: Run Behavior\ShowPageTraceBehavior [ RunTime:0.000490s ]
INFO: [ app_end ] --END-- [ RunTime:0.000523s ]

[ 2017-03-10T09:30:25+08:00 ] ::1 /
INFO: [ app_init ] --START--
INFO: Run Behavior\BuildLiteBehavior [ RunTime:0.000011s ]
INFO: [ app_init ] --END-- [ RunTime:0.000346s ]
INFO: [ app_begin ] --START--
INFO: Run Behavior\ReadHtmlCacheBehavior [ RunTime:0.000454s ]
INFO: [ app_begin ] --END-- [ RunTime:0.000493s ]

[ 2017-03-10T09:30:25+08:00 ] ::1 /index.php/Admin/Login/index.html
INFO: [ app_init ] --START--
INFO: Run Behavior\BuildLiteBehavior [ RunTime:0.000012s ]
INFO: [ app_init ] --END-- [ RunTime:0.000368s ]
INFO: [ app_begin ] --START--
INFO: Run Behavior\ReadHtmlCacheBehavior [ RunTime:0.000451s ]
INFO: [ app_begin ] --END-- [ RunTime:0.000492s ]
INFO: [ view_parse ] --START--
INFO: [ template_filter ] --START--
INFO: Run Behavior\ContentReplaceBehavior [ RunTime:0.000061s ]
INFO: [ template_filter ] --END-- [ RunTime:0.000103s ]
INFO: Run Behavior\ParseTemplateBehavior [ RunTime:0.005628s ]
INFO: [ view_parse ] --END-- [ RunTime:0.005669s ]
INFO: [ view_filter ] --START--
INFO: Run Behavior\WriteHtmlCacheBehavior [ RunTime:0.000278s ]
INFO: [ view_filter ] --END-- [ RunTime:0.000308s ]
INFO: [ app_end ] --START--
INFO: Run Behavior\ShowPageTraceBehavior [ RunTime:0.000489s ]
INFO: [ app_end ] --END-- [ RunTime:0.000523s ]

[ 2017-03-10T09:30:25+08:00 ] ::1 /
INFO: [ app_init ] --START--
INFO: Run Behavior\BuildLiteBehavior [ RunTime:0.000011s ]
INFO: [ app_init ] --END-- [ RunTime:0.000340s ]
INFO: [ app_begin ] --START--
INFO: Run Behavior\ReadHtmlCacheBehavior [ RunTime:0.000487s ]
INFO: [ app_begin ] --END-- [ RunTime:0.000526s ]

[ 2017-03-10T09:30:25+08:00 ] ::1 /index.php/Admin/Login/index.html
INFO: [ app_init ] --START--
INFO: Run Behavior\BuildLiteBehavior [ RunTime:0.000012s ]
INFO: [ app_init ] --END-- [ RunTime:0.000353s ]
INFO: [ app_begin ] --START--
INFO: Run Behavior\ReadHtmlCacheBehavior [ RunTime:0.000463s ]
INFO: [ app_begin ] --END-- [ RunTime:0.000505s ]
INFO: [ view_parse ] --START--
INFO: [ template_filter ] --START--
INFO: Run Behavior\ContentReplaceBehavior [ RunTime:0.000059s ]
INFO: [ template_filter ] --END-- [ RunTime:0.000097s ]
INFO: Run Behavior\ParseTemplateBehavior [ RunTime:0.005192s ]
INFO: [ view_parse ] --END-- [ RunTime:0.005235s ]
INFO: [ view_filter ] --START--
INFO: Run Behavior\WriteHtmlCacheBehavior [ RunTime:0.000278s ]
INFO: [ view_filter ] --END-- [ RunTime:0.000308s ]
INFO: [ app_end ] --START--
INFO: Run Behavior\ShowPageTraceBehavior [ RunTime:0.000486s ]
INFO: [ app_end ] --END-- [ RunTime:0.000520s ]

[ 2017-03-10T09:30:25+08:00 ] 127.0.0.1 /
INFO: [ app_init ] --START--
INFO: Run Behavior\BuildLiteBehavior [ RunTime:0.000011s ]
INFO: [ app_init ] --END-- [ RunTime:0.000343s ]
INFO: [ app_begin ] --START--
INFO: Run Behavior\ReadHtmlCacheBehavior [ RunTime:0.000452s ]
INFO: [ app_begin ] --END-- [ RunTime:0.000494s ]

[ 2017-03-10T09:30:25+08:00 ] 127.0.0.1 /index.php/Admin/Login/index.html
INFO: [ app_init ] --START--
INFO: Run Behavior\BuildLiteBehavior [ RunTime:0.000011s ]
INFO: [ app_init ] --END-- [ RunTime:0.000364s ]
INFO: [ app_begin ] --START--
INFO: Run Behavior\ReadHtmlCacheBehavior [ RunTime:0.000452s ]
INFO: [ app_begin ] --END-- [ RunTime:0.000491s ]
INFO: [ view_parse ] --START--
INFO: [ template_filter ] --START--
INFO: Run Behavior\ContentReplaceBehavior [ RunTime:0.000059s ]
INFO: [ template_filter ] --END-- [ RunTime:0.000099s ]
INFO: Run Behavior\ParseTemplateBehavior [ RunTime:0.005280s ]
INFO: [ view_parse ] --END-- [ RunTime:0.005321s ]
INFO: [ view_filter ] --START--
INFO: Run Behavior\WriteHtmlCacheBehavior [ RunTime:0.000278s ]
INFO: [ view_filter ] --END-- [ RunTime:0.000307s ]
INFO: [ app_end ] --START--
INFO: Run Behavior\ShowPageTraceBehavior [ RunTime:0.000453s ]
INFO: [ app_end ] --END-- [ RunTime:0.000485s ]

[ 2017-03-10T09:30:27+08:00 ] ::1 /index.php
INFO: [ app_init ] --START--
INFO: Run Behavior\BuildLiteBehavior [ RunTime:0.000011s ]
INFO: [ app_init ] --END-- [ RunTime:0.000411s ]
INFO: [ app_begin ] --START--
INFO: Run Behavior\ReadHtmlCacheBehavior [ RunTime:0.000738s ]
INFO: [ app_begin ] --END-- [ RunTime:0.000777s ]

[ 2017-03-10T09:32:06+08:00 ] ::1 /index.php/Admin/Config/index.html
INFO: [ app_init ] --START--
INFO: Run Behavior\BuildLiteBehavior [ RunTime:0.000013s ]
INFO: [ app_init ] --END-- [ RunTime:0.000575s ]
INFO: [ app_begin ] --START--
INFO: Run Behavior\ReadHtmlCacheBehavior [ RunTime:0.000687s ]
INFO: [ app_begin ] --END-- [ RunTime:0.000742s ]
SQL: SHOW COLUMNS FROM `farm_auth_group` [ RunTime:0.0087s ]
SQL: SELECT `rules` FROM `farm_auth_group` WHERE `id` = 1 LIMIT 1   [ RunTime:0.0002s ]
SQL: SHOW COLUMNS FROM `farm_auth_rule` [ RunTime:0.0064s ]
SQL: SELECT * FROM `farm_auth_rule` WHERE `id` IN ('1','22','23','20','21','18','19','2','7','4','3','6','14','17','24','25','26','27') ORDER BY sorts asc,id asc  [ RunTime:0.0004s ]
SQL: SHOW COLUMNS FROM `farm_auth_rule` [ RunTime:0.0042s ]
SQL: SELECT * FROM `farm_auth_rule` WHERE `name` = 'Config/index' LIMIT 1   [ RunTime:0.0002s ]
SQL: SHOW COLUMNS FROM `farm_config` [ RunTime:0.0066s ]
SQL: SELECT * FROM `farm_config` WHERE ( type=1 ) ORDER BY id asc  [ RunTime:0.0003s ]
INFO: [ view_parse ] --START--
INFO: [ template_filter ] --START--
INFO: Run Behavior\ContentReplaceBehavior [ RunTime:0.000102s ]
INFO: [ template_filter ] --END-- [ RunTime:0.000150s ]
NOTIC: [8] Undefined index: user_auth D:\xiaolei\farm\Runtime\Cache\Admin\9bb5e7ead1bbec7c3d970a481af28a6e.php 第 83 行.
NOTIC: [8] Undefined index: user_auth D:\xiaolei\farm\Runtime\Cache\Admin\9bb5e7ead1bbec7c3d970a481af28a6e.php 第 85 行.
NOTIC: [8] Undefined index: hasChild D:\xiaolei\farm\Runtime\Cache\Admin\9bb5e7ead1bbec7c3d970a481af28a6e.php 第 94 行.
NOTIC: [8] Undefined index: hasChild D:\xiaolei\farm\Runtime\Cache\Admin\9bb5e7ead1bbec7c3d970a481af28a6e.php 第 94 行.
NOTIC: [8] Undefined index: hasChild D:\xiaolei\farm\Runtime\Cache\Admin\9bb5e7ead1bbec7c3d970a481af28a6e.php 第 94 行.
NOTIC: [8] Undefined index: hasChild D:\xiaolei\farm\Runtime\Cache\Admin\9bb5e7ead1bbec7c3d970a481af28a6e.php 第 94 行.
NOTIC: [8] Undefined index: hasChild D:\xiaolei\farm\Runtime\Cache\Admin\9bb5e7ead1bbec7c3d970a481af28a6e.php 第 94 行.
NOTIC: [8] Undefined index: hasChild D:\xiaolei\farm\Runtime\Cache\Admin\9bb5e7ead1bbec7c3d970a481af28a6e.php 第 94 行.
NOTIC: [8] Undefined index: hasChild D:\xiaolei\farm\Runtime\Cache\Admin\9bb5e7ead1bbec7c3d970a481af28a6e.php 第 94 行.
NOTIC: [8] Undefined index: hasChild D:\xiaolei\farm\Runtime\Cache\Admin\9bb5e7ead1bbec7c3d970a481af28a6e.php 第 94 行.
NOTIC: [8] Undefined index: hasChild D:\xiaolei\farm\Runtime\Cache\Admin\9bb5e7ead1bbec7c3d970a481af28a6e.php 第 94 行.
NOTIC: [8] Undefined index: hasChild D:\xiaolei\farm\Runtime\Cache\Admin\9bb5e7ead1bbec7c3d970a481af28a6e.php 第 94 行.
NOTIC: [8] Undefined variable: version D:\xiaolei\farm\Runtime\Cache\Admin\9bb5e7ead1bbec7c3d970a481af28a6e.php 第 168 行.
NOTIC: [8] Undefined variable: version D:\xiaolei\farm\Runtime\Cache\Admin\9bb5e7ead1bbec7c3d970a481af28a6e.php 第 179 行.
NOTIC: [8] Undefined variable: version D:\xiaolei\farm\Runtime\Cache\Admin\9bb5e7ead1bbec7c3d970a481af28a6e.php 第 182 行.
NOTIC: [8] Undefined variable: version D:\xiaolei\farm\Runtime\Cache\Admin\9bb5e7ead1bbec7c3d970a481af28a6e.php 第 258 行.
INFO: Run Behavior\ParseTemplateBehavior [ RunTime:0.048753s ]
INFO: [ view_parse ] --END-- [ RunTime:0.048795s ]
INFO: [ view_filter ] --START--
INFO: Run Behavior\WriteHtmlCacheBehavior [ RunTime:0.000521s ]
INFO: [ view_filter ] --END-- [ RunTime:0.000554s ]
INFO: [ app_end ] --START--
INFO: Run Behavior\ShowPageTraceBehavior [ RunTime:0.001224s ]
INFO: [ app_end ] --END-- [ RunTime:0.001308s ]

[ 2017-03-10T09:32:28+08:00 ] ::1 /index.php/Admin/Config/index.html
INFO: [ app_init ] --START--
INFO: Run Behavior\BuildLiteBehavior [ RunTime:0.000011s ]
INFO: [ app_init ] --END-- [ RunTime:0.000345s ]
INFO: [ app_begin ] --START--
INFO: Run Behavior\ReadHtmlCacheBehavior [ RunTime:0.000469s ]
INFO: [ app_begin ] --END-- [ RunTime:0.000509s ]
SQL: SHOW COLUMNS FROM `farm_auth_group` [ RunTime:0.0105s ]
SQL: SELECT `rules` FROM `farm_auth_group` WHERE `id` = 1 LIMIT 1   [ RunTime:0.0002s ]
SQL: SHOW COLUMNS FROM `farm_auth_rule` [ RunTime:0.0061s ]
SQL: SELECT * FROM `farm_auth_rule` WHERE `id` IN ('1','22','23','20','21','18','19','2','7','4','3','6','14','17','24','25','26','27') ORDER BY sorts asc,id asc  [ RunTime:0.0004s ]
SQL: SHOW COLUMNS FROM `farm_auth_rule` [ RunTime:0.0040s ]
SQL: SELECT * FROM `farm_auth_rule` WHERE `name` = 'Config/index' LIMIT 1   [ RunTime:0.0002s ]
SQL: SHOW COLUMNS FROM `farm_config` [ RunTime:0.0063s ]
SQL: SELECT * FROM `farm_config` WHERE ( type=1 ) ORDER BY id asc  [ RunTime:0.0003s ]
INFO: [ view_parse ] --START--
INFO: [ template_filter ] --START--
INFO: Run Behavior\ContentReplaceBehavior [ RunTime:0.000095s ]
INFO: [ template_filter ] --END-- [ RunTime:0.000136s ]
NOTIC: [8] Undefined index: user_auth D:\xiaolei\farm\Runtime\Cache\Admin\9bb5e7ead1bbec7c3d970a481af28a6e.php 第 83 行.
NOTIC: [8] Undefined index: user_auth D:\xiaolei\farm\Runtime\Cache\Admin\9bb5e7ead1bbec7c3d970a481af28a6e.php 第 85 行.
NOTIC: [8] Undefined index: hasChild D:\xiaolei\farm\Runtime\Cache\Admin\9bb5e7ead1bbec7c3d970a481af28a6e.php 第 94 行.
NOTIC: [8] Undefined index: hasChild D:\xiaolei\farm\Runtime\Cache\Admin\9bb5e7ead1bbec7c3d970a481af28a6e.php 第 94 行.
NOTIC: [8] Undefined index: hasChild D:\xiaolei\farm\Runtime\Cache\Admin\9bb5e7ead1bbec7c3d970a481af28a6e.php 第 94 行.
NOTIC: [8] Undefined index: hasChild D:\xiaolei\farm\Runtime\Cache\Admin\9bb5e7ead1bbec7c3d970a481af28a6e.php 第 94 行.
NOTIC: [8] Undefined index: hasChild D:\xiaolei\farm\Runtime\Cache\Admin\9bb5e7ead1bbec7c3d970a481af28a6e.php 第 94 行.
NOTIC: [8] Undefined index: hasChild D:\xiaolei\farm\Runtime\Cache\Admin\9bb5e7ead1bbec7c3d970a481af28a6e.php 第 94 行.
NOTIC: [8] Undefined index: hasChild D:\xiaolei\farm\Runtime\Cache\Admin\9bb5e7ead1bbec7c3d970a481af28a6e.php 第 94 行.
NOTIC: [8] Undefined index: hasChild D:\xiaolei\farm\Runtime\Cache\Admin\9bb5e7ead1bbec7c3d970a481af28a6e.php 第 94 行.
NOTIC: [8] Undefined index: hasChild D:\xiaolei\farm\Runtime\Cache\Admin\9bb5e7ead1bbec7c3d970a481af28a6e.php 第 94 行.
NOTIC: [8] Undefined index: hasChild D:\xiaolei\farm\Runtime\Cache\Admin\9bb5e7ead1bbec7c3d970a481af28a6e.php 第 94 行.
NOTIC: [8] Undefined variable: version D:\xiaolei\farm\Runtime\Cache\Admin\9bb5e7ead1bbec7c3d970a481af28a6e.php 第 168 行.
NOTIC: [8] Undefined variable: version D:\xiaolei\farm\Runtime\Cache\Admin\9bb5e7ead1bbec7c3d970a481af28a6e.php 第 179 行.
NOTIC: [8] Undefined variable: version D:\xiaolei\farm\Runtime\Cache\Admin\9bb5e7ead1bbec7c3d970a481af28a6e.php 第 182 行.
NOTIC: [8] Undefined variable: version D:\xiaolei\farm\Runtime\Cache\Admin\9bb5e7ead1bbec7c3d970a481af28a6e.php 第 258 行.
INFO: Run Behavior\ParseTemplateBehavior [ RunTime:0.046933s ]
INFO: [ view_parse ] --END-- [ RunTime:0.046975s ]
INFO: [ view_filter ] --START--
INFO: Run Behavior\WriteHtmlCacheBehavior [ RunTime:0.000270s ]
INFO: [ view_filter ] --END-- [ RunTime:0.000298s ]
INFO: [ app_end ] --START--
INFO: Run Behavior\ShowPageTraceBehavior [ RunTime:0.000780s ]
INFO: [ app_end ] --END-- [ RunTime:0.000850s ]

[ 2017-03-10T09:32:31+08:00 ] ::1 /index.php/Admin/Config/index.html
INFO: [ app_init ] --START--
INFO: Run Behavior\BuildLiteBehavior [ RunTime:0.000011s ]
INFO: [ app_init ] --END-- [ RunTime:0.000346s ]
INFO: [ app_begin ] --START--
INFO: Run Behavior\ReadHtmlCacheBehavior [ RunTime:0.000448s ]
INFO: [ app_begin ] --END-- [ RunTime:0.000486s ]
SQL: SHOW COLUMNS FROM `farm_auth_group` [ RunTime:0.0237s ]
SQL: SELECT `rules` FROM `farm_auth_group` WHERE `id` = 1 LIMIT 1   [ RunTime:0.0003s ]
SQL: SHOW COLUMNS FROM `farm_auth_rule` [ RunTime:0.0066s ]
SQL: SELECT * FROM `farm_auth_rule` WHERE `id` IN ('1','22','23','20','21','18','19','2','7','4','3','6','14','17','24','25','26','27') ORDER BY sorts asc,id asc  [ RunTime:0.0004s ]
SQL: SHOW COLUMNS FROM `farm_auth_rule` [ RunTime:0.0044s ]
SQL: SELECT * FROM `farm_auth_rule` WHERE `name` = 'Config/index' LIMIT 1   [ RunTime:0.0002s ]
SQL: SHOW COLUMNS FROM `farm_config` [ RunTime:0.0077s ]
SQL: SELECT * FROM `farm_config` WHERE ( type=1 ) ORDER BY id asc  [ RunTime:0.0003s ]
INFO: [ view_parse ] --START--
INFO: [ template_filter ] --START--
INFO: Run Behavior\ContentReplaceBehavior [ RunTime:0.000096s ]
INFO: [ template_filter ] --END-- [ RunTime:0.000137s ]
NOTIC: [8] Undefined index: user_auth D:\xiaolei\farm\Runtime\Cache\Admin\9bb5e7ead1bbec7c3d970a481af28a6e.php 第 83 行.
NOTIC: [8] Undefined index: user_auth D:\xiaolei\farm\Runtime\Cache\Admin\9bb5e7ead1bbec7c3d970a481af28a6e.php 第 85 行.
NOTIC: [8] Undefined index: hasChild D:\xiaolei\farm\Runtime\Cache\Admin\9bb5e7ead1bbec7c3d970a481af28a6e.php 第 94 行.
NOTIC: [8] Undefined index: hasChild D:\xiaolei\farm\Runtime\Cache\Admin\9bb5e7ead1bbec7c3d970a481af28a6e.php 第 94 行.
NOTIC: [8] Undefined index: hasChild D:\xiaolei\farm\Runtime\Cache\Admin\9bb5e7ead1bbec7c3d970a481af28a6e.php 第 94 行.
NOTIC: [8] Undefined index: hasChild D:\xiaolei\farm\Runtime\Cache\Admin\9bb5e7ead1bbec7c3d970a481af28a6e.php 第 94 行.
NOTIC: [8] Undefined index: hasChild D:\xiaolei\farm\Runtime\Cache\Admin\9bb5e7ead1bbec7c3d970a481af28a6e.php 第 94 行.
NOTIC: [8] Undefined index: hasChild D:\xiaolei\farm\Runtime\Cache\Admin\9bb5e7ead1bbec7c3d970a481af28a6e.php 第 94 行.
NOTIC: [8] Undefined index: hasChild D:\xiaolei\farm\Runtime\Cache\Admin\9bb5e7ead1bbec7c3d970a481af28a6e.php 第 94 行.
NOTIC: [8] Undefined index: hasChild D:\xiaolei\farm\Runtime\Cache\Admin\9bb5e7ead1bbec7c3d970a481af28a6e.php 第 94 行.
NOTIC: [8] Undefined index: hasChild D:\xiaolei\farm\Runtime\Cache\Admin\9bb5e7ead1bbec7c3d970a481af28a6e.php 第 94 行.
NOTIC: [8] Undefined index: hasChild D:\xiaolei\farm\Runtime\Cache\Admin\9bb5e7ead1bbec7c3d970a481af28a6e.php 第 94 行.
NOTIC: [8] Undefined variable: version D:\xiaolei\farm\Runtime\Cache\Admin\9bb5e7ead1bbec7c3d970a481af28a6e.php 第 168 行.
NOTIC: [8] Undefined variable: version D:\xiaolei\farm\Runtime\Cache\Admin\9bb5e7ead1bbec7c3d970a481af28a6e.php 第 179 行.
NOTIC: [8] Undefined variable: version D:\xiaolei\farm\Runtime\Cache\Admin\9bb5e7ead1bbec7c3d970a481af28a6e.php 第 182 行.
NOTIC: [8] Undefined variable: version D:\xiaolei\farm\Runtime\Cache\Admin\9bb5e7ead1bbec7c3d970a481af28a6e.php 第 258 行.
INFO: Run Behavior\ParseTemplateBehavior [ RunTime:0.047055s ]
INFO: [ view_parse ] --END-- [ RunTime:0.047092s ]
INFO: [ view_filter ] --START--
INFO: Run Behavior\WriteHtmlCacheBehavior [ RunTime:0.000314s ]
INFO: [ view_filter ] --END-- [ RunTime:0.000342s ]
INFO: [ app_end ] --START--
INFO: Run Behavior\ShowPageTraceBehavior [ RunTime:0.000874s ]
INFO: [ app_end ] --END-- [ RunTime:0.000944s ]

[ 2017-03-10T09:43:48+08:00 ] ::1 /index.php/Admin/Config/index.html
INFO: [ app_init ] --START--
INFO: Run Behavior\BuildLiteBehavior [ RunTime:0.000013s ]
INFO: [ app_init ] --END-- [ RunTime:0.000554s ]
INFO: [ app_begin ] --START--
INFO: Run Behavior\ReadHtmlCacheBehavior [ RunTime:0.000909s ]
INFO: [ app_begin ] --END-- [ RunTime:0.000975s ]
SQL: SHOW COLUMNS FROM `farm_auth_group` [ RunTime:0.0093s ]
SQL: SELECT `rules` FROM `farm_auth_group` WHERE `id` = 1 LIMIT 1   [ RunTime:0.0003s ]
SQL: SHOW COLUMNS FROM `farm_auth_rule` [ RunTime:0.0323s ]
SQL: SELECT * FROM `farm_auth_rule` WHERE `id` IN ('1','22','23','20','21','18','19','2','7','4','3','6','14','17','24','25','26','27') ORDER BY sorts asc,id asc  [ RunTime:0.0004s ]
SQL: SHOW COLUMNS FROM `farm_auth_rule` [ RunTime:0.0043s ]
SQL: SELECT * FROM `farm_auth_rule` WHERE `name` = 'Config/index' LIMIT 1   [ RunTime:0.0002s ]
SQL: SHOW COLUMNS FROM `farm_config` [ RunTime:0.0061s ]
SQL: SELECT * FROM `farm_config` WHERE ( type=1 ) ORDER BY id asc  [ RunTime:0.0003s ]
SQL: SELECT * FROM `farm_config` WHERE ( type=2 ) ORDER BY id asc  [ RunTime:0.0002s ]
INFO: [ view_parse ] --START--
INFO: [ template_filter ] --START--
INFO: Run Behavior\ContentReplaceBehavior [ RunTime:0.000102s ]
INFO: [ template_filter ] --END-- [ RunTime:0.000152s ]
NOTIC: [8] Undefined index: user_auth D:\xiaolei\farm\Runtime\Cache\Admin\9bb5e7ead1bbec7c3d970a481af28a6e.php 第 83 行.
NOTIC: [8] Undefined index: user_auth D:\xiaolei\farm\Runtime\Cache\Admin\9bb5e7ead1bbec7c3d970a481af28a6e.php 第 85 行.
NOTIC: [8] Undefined index: hasChild D:\xiaolei\farm\Runtime\Cache\Admin\9bb5e7ead1bbec7c3d970a481af28a6e.php 第 94 行.
NOTIC: [8] Undefined index: hasChild D:\xiaolei\farm\Runtime\Cache\Admin\9bb5e7ead1bbec7c3d970a481af28a6e.php 第 94 行.
NOTIC: [8] Undefined index: hasChild D:\xiaolei\farm\Runtime\Cache\Admin\9bb5e7ead1bbec7c3d970a481af28a6e.php 第 94 行.
NOTIC: [8] Undefined index: hasChild D:\xiaolei\farm\Runtime\Cache\Admin\9bb5e7ead1bbec7c3d970a481af28a6e.php 第 94 行.
NOTIC: [8] Undefined index: hasChild D:\xiaolei\farm\Runtime\Cache\Admin\9bb5e7ead1bbec7c3d970a481af28a6e.php 第 94 行.
NOTIC: [8] Undefined index: hasChild D:\xiaolei\farm\Runtime\Cache\Admin\9bb5e7ead1bbec7c3d970a481af28a6e.php 第 94 行.
NOTIC: [8] Undefined index: hasChild D:\xiaolei\farm\Runtime\Cache\Admin\9bb5e7ead1bbec7c3d970a481af28a6e.php 第 94 行.
NOTIC: [8] Undefined index: hasChild D:\xiaolei\farm\Runtime\Cache\Admin\9bb5e7ead1bbec7c3d970a481af28a6e.php 第 94 行.
NOTIC: [8] Undefined index: hasChild D:\xiaolei\farm\Runtime\Cache\Admin\9bb5e7ead1bbec7c3d970a481af28a6e.php 第 94 行.
NOTIC: [8] Undefined index: hasChild D:\xiaolei\farm\Runtime\Cache\Admin\9bb5e7ead1bbec7c3d970a481af28a6e.php 第 94 行.
NOTIC: [8] Undefined variable: version D:\xiaolei\farm\Runtime\Cache\Admin\9bb5e7ead1bbec7c3d970a481af28a6e.php 第 168 行.
NOTIC: [8] Undefined variable: version D:\xiaolei\farm\Runtime\Cache\Admin\9bb5e7ead1bbec7c3d970a481af28a6e.php 第 179 行.
NOTIC: [8] Undefined variable: version D:\xiaolei\farm\Runtime\Cache\Admin\9bb5e7ead1bbec7c3d970a481af28a6e.php 第 182 行.
NOTIC: [8] Undefined variable: version D:\xiaolei\farm\Runtime\Cache\Admin\9bb5e7ead1bbec7c3d970a481af28a6e.php 第 258 行.
INFO: Run Behavior\ParseTemplateBehavior [ RunTime:0.049636s ]
INFO: [ view_parse ] --END-- [ RunTime:0.049677s ]
INFO: [ view_filter ] --START--
INFO: Run Behavior\WriteHtmlCacheBehavior [ RunTime:0.000469s ]
INFO: [ view_filter ] --END-- [ RunTime:0.000500s ]
INFO: [ app_end ] --START--
INFO: Run Behavior\ShowPageTraceBehavior [ RunTime:0.001166s ]
INFO: [ app_end ] --END-- [ RunTime:0.001243s ]

[ 2017-03-10T09:48:01+08:00 ] ::1 /index.php/Admin/Config/index.html
INFO: [ app_init ] --START--
INFO: Run Behavior\BuildLiteBehavior [ RunTime:0.000012s ]
INFO: [ app_init ] --END-- [ RunTime:0.000415s ]
INFO: [ app_begin ] --START--
INFO: Run Behavior\ReadHtmlCacheBehavior [ RunTime:0.000646s ]
INFO: [ app_begin ] --END-- [ RunTime:0.000687s ]
SQL: SHOW COLUMNS FROM `farm_auth_group` [ RunTime:0.0089s ]
SQL: SELECT `rules` FROM `farm_auth_group` WHERE `id` = 1 LIMIT 1   [ RunTime:0.0002s ]
SQL: SHOW COLUMNS FROM `farm_auth_rule` [ RunTime:0.0061s ]
SQL: SELECT * FROM `farm_auth_rule` WHERE `id` IN ('1','22','23','20','21','18','19','2','7','4','3','6','14','17','24','25','26','27') ORDER BY sorts asc,id asc  [ RunTime:0.0004s ]
SQL: SHOW COLUMNS FROM `farm_auth_rule` [ RunTime:0.0041s ]
SQL: SELECT * FROM `farm_auth_rule` WHERE `name` = 'Config/index' LIMIT 1   [ RunTime:0.0002s ]
SQL: SHOW COLUMNS FROM `farm_config` [ RunTime:0.0061s ]
SQL: SELECT * FROM `farm_config` WHERE ( type=1 ) ORDER BY id asc  [ RunTime:0.0003s ]
SQL: SELECT * FROM `farm_config` WHERE ( type=2 ) ORDER BY id asc  [ RunTime:0.0002s ]
INFO: [ view_parse ] --START--
INFO: [ template_filter ] --START--
INFO: Run Behavior\ContentReplaceBehavior [ RunTime:0.000105s ]
INFO: [ template_filter ] --END-- [ RunTime:0.000148s ]
NOTIC: [8] Undefined index: user_auth D:\xiaolei\farm\Runtime\Cache\Admin\9bb5e7ead1bbec7c3d970a481af28a6e.php 第 83 行.
NOTIC: [8] Undefined index: user_auth D:\xiaolei\farm\Runtime\Cache\Admin\9bb5e7ead1bbec7c3d970a481af28a6e.php 第 85 行.
NOTIC: [8] Undefined index: hasChild D:\xiaolei\farm\Runtime\Cache\Admin\9bb5e7ead1bbec7c3d970a481af28a6e.php 第 94 行.
NOTIC: [8] Undefined index: hasChild D:\xiaolei\farm\Runtime\Cache\Admin\9bb5e7ead1bbec7c3d970a481af28a6e.php 第 94 行.
NOTIC: [8] Undefined index: hasChild D:\xiaolei\farm\Runtime\Cache\Admin\9bb5e7ead1bbec7c3d970a481af28a6e.php 第 94 行.
NOTIC: [8] Undefined index: hasChild D:\xiaolei\farm\Runtime\Cache\Admin\9bb5e7ead1bbec7c3d970a481af28a6e.php 第 94 行.
NOTIC: [8] Undefined index: hasChild D:\xiaolei\farm\Runtime\Cache\Admin\9bb5e7ead1bbec7c3d970a481af28a6e.php 第 94 行.
NOTIC: [8] Undefined index: hasChild D:\xiaolei\farm\Runtime\Cache\Admin\9bb5e7ead1bbec7c3d970a481af28a6e.php 第 94 行.
NOTIC: [8] Undefined index: hasChild D:\xiaolei\farm\Runtime\Cache\Admin\9bb5e7ead1bbec7c3d970a481af28a6e.php 第 94 行.
NOTIC: [8] Undefined index: hasChild D:\xiaolei\farm\Runtime\Cache\Admin\9bb5e7ead1bbec7c3d970a481af28a6e.php 第 94 行.
NOTIC: [8] Undefined index: hasChild D:\xiaolei\farm\Runtime\Cache\Admin\9bb5e7ead1bbec7c3d970a481af28a6e.php 第 94 行.
NOTIC: [8] Undefined index: hasChild D:\xiaolei\farm\Runtime\Cache\Admin\9bb5e7ead1bbec7c3d970a481af28a6e.php 第 94 行.
NOTIC: [8] Undefined variable: version D:\xiaolei\farm\Runtime\Cache\Admin\9bb5e7ead1bbec7c3d970a481af28a6e.php 第 168 行.
NOTIC: [8] Undefined variable: version D:\xiaolei\farm\Runtime\Cache\Admin\9bb5e7ead1bbec7c3d970a481af28a6e.php 第 179 行.
NOTIC: [8] Undefined variable: version D:\xiaolei\farm\Runtime\Cache\Admin\9bb5e7ead1bbec7c3d970a481af28a6e.php 第 182 行.
NOTIC: [8] Undefined variable: version D:\xiaolei\farm\Runtime\Cache\Admin\9bb5e7ead1bbec7c3d970a481af28a6e.php 第 281 行.
INFO: Run Behavior\ParseTemplateBehavior [ RunTime:0.051848s ]
INFO: [ view_parse ] --END-- [ RunTime:0.051889s ]
INFO: [ view_filter ] --START--
INFO: Run Behavior\WriteHtmlCacheBehavior [ RunTime:0.000525s ]
INFO: [ view_filter ] --END-- [ RunTime:0.000560s ]
INFO: [ app_end ] --START--
INFO: Run Behavior\ShowPageTraceBehavior [ RunTime:0.001070s ]
INFO: [ app_end ] --END-- [ RunTime:0.001148s ]

[ 2017-03-10T09:48:09+08:00 ] ::1 /index.php/Admin/Config/farm.html
INFO: [ app_init ] --START--
INFO: Run Behavior\BuildLiteBehavior [ RunTime:0.000011s ]
INFO: [ app_init ] --END-- [ RunTime:0.000352s ]
INFO: [ app_begin ] --START--
INFO: Run Behavior\ReadHtmlCacheBehavior [ RunTime:0.000452s ]
INFO: [ app_begin ] --END-- [ RunTime:0.000491s ]
SQL: SHOW COLUMNS FROM `farm_auth_group` [ RunTime:0.0098s ]
SQL: SELECT `rules` FROM `farm_auth_group` WHERE `id` = 1 LIMIT 1   [ RunTime:0.0002s ]
SQL: SHOW COLUMNS FROM `farm_auth_rule` [ RunTime:0.0062s ]
SQL: SELECT * FROM `farm_auth_rule` WHERE `id` IN ('1','22','23','20','21','18','19','2','7','4','3','6','14','17','24','25','26','27') ORDER BY sorts asc,id asc  [ RunTime:0.0004s ]
SQL: SHOW COLUMNS FROM `farm_auth_rule` [ RunTime:0.0040s ]
SQL: SELECT * FROM `farm_auth_rule` WHERE `name` = 'Config/index' LIMIT 1   [ RunTime:0.0003s ]
SQL: SHOW COLUMNS FROM `farm_config` [ RunTime:0.0062s ]
SQL: UPDATE `farm_config` SET `value`='300' WHERE ( id=8 ) [ RunTime:0.0002s ]
SQL: UPDATE `farm_config` SET `value`='3000' WHERE ( id=9 ) [ RunTime:0.0001s ]
SQL: UPDATE `farm_config` SET `value`='0.05' WHERE ( id=10 ) [ RunTime:0.0001s ]
SQL: UPDATE `farm_config` SET `value`='0.10' WHERE ( id=11 ) [ RunTime:0.0001s ]
SQL: UPDATE `farm_config` SET `value`='6' WHERE ( id=12 ) [ RunTime:0.0001s ]
SQL: UPDATE `farm_config` SET `value`='0.03' WHERE ( id=13 ) [ RunTime:0.0001s ]
SQL: UPDATE `farm_config` SET `value`='0.02' WHERE ( id=14 ) [ RunTime:0.0001s ]

[ 2017-03-10T09:48:13+08:00 ] ::1 /index.php/Admin/Config/index.html
INFO: [ app_init ] --START--
INFO: Run Behavior\BuildLiteBehavior [ RunTime:0.000015s ]
INFO: [ app_init ] --END-- [ RunTime:0.000651s ]
INFO: [ app_begin ] --START--
INFO: Run Behavior\ReadHtmlCacheBehavior [ RunTime:0.000473s ]
INFO: [ app_begin ] --END-- [ RunTime:0.000518s ]
SQL: SHOW COLUMNS FROM `farm_auth_group` [ RunTime:0.0201s ]
SQL: SELECT `rules` FROM `farm_auth_group` WHERE `id` = 1 LIMIT 1   [ RunTime:0.0002s ]
SQL: SHOW COLUMNS FROM `farm_auth_rule` [ RunTime:0.0061s ]
SQL: SELECT * FROM `farm_auth_rule` WHERE `id` IN ('1','22','23','20','21','18','19','2','7','4','3','6','14','17','24','25','26','27') ORDER BY sorts asc,id asc  [ RunTime:0.0004s ]
SQL: SHOW COLUMNS FROM `farm_auth_rule` [ RunTime:0.0039s ]
SQL: SELECT * FROM `farm_auth_rule` WHERE `name` = 'Config/index' LIMIT 1   [ RunTime:0.0004s ]
SQL: SHOW COLUMNS FROM `farm_config` [ RunTime:0.0061s ]
SQL: SELECT * FROM `farm_config` WHERE ( type=1 ) ORDER BY id asc  [ RunTime:0.0003s ]
SQL: SELECT * FROM `farm_config` WHERE ( type=2 ) ORDER BY id asc  [ RunTime:0.0002s ]
INFO: [ view_parse ] --START--
INFO: [ template_filter ] --START--
INFO: Run Behavior\ContentReplaceBehavior [ RunTime:0.000121s ]
INFO: [ template_filter ] --END-- [ RunTime:0.000182s ]
NOTIC: [8] Undefined index: user_auth D:\xiaolei\farm\Runtime\Cache\Admin\9bb5e7ead1bbec7c3d970a481af28a6e.php 第 83 行.
NOTIC: [8] Undefined index: user_auth D:\xiaolei\farm\Runtime\Cache\Admin\9bb5e7ead1bbec7c3d970a481af28a6e.php 第 85 行.
NOTIC: [8] Undefined index: hasChild D:\xiaolei\farm\Runtime\Cache\Admin\9bb5e7ead1bbec7c3d970a481af28a6e.php 第 94 行.
NOTIC: [8] Undefined index: hasChild D:\xiaolei\farm\Runtime\Cache\Admin\9bb5e7ead1bbec7c3d970a481af28a6e.php 第 94 行.
NOTIC: [8] Undefined index: hasChild D:\xiaolei\farm\Runtime\Cache\Admin\9bb5e7ead1bbec7c3d970a481af28a6e.php 第 94 行.
NOTIC: [8] Undefined index: hasChild D:\xiaolei\farm\Runtime\Cache\Admin\9bb5e7ead1bbec7c3d970a481af28a6e.php 第 94 行.
NOTIC: [8] Undefined index: hasChild D:\xiaolei\farm\Runtime\Cache\Admin\9bb5e7ead1bbec7c3d970a481af28a6e.php 第 94 行.
NOTIC: [8] Undefined index: hasChild D:\xiaolei\farm\Runtime\Cache\Admin\9bb5e7ead1bbec7c3d970a481af28a6e.php 第 94 行.
NOTIC: [8] Undefined index: hasChild D:\xiaolei\farm\Runtime\Cache\Admin\9bb5e7ead1bbec7c3d970a481af28a6e.php 第 94 行.
NOTIC: [8] Undefined index: hasChild D:\xiaolei\farm\Runtime\Cache\Admin\9bb5e7ead1bbec7c3d970a481af28a6e.php 第 94 行.
NOTIC: [8] Undefined index: hasChild D:\xiaolei\farm\Runtime\Cache\Admin\9bb5e7ead1bbec7c3d970a481af28a6e.php 第 94 行.
NOTIC: [8] Undefined index: hasChild D:\xiaolei\farm\Runtime\Cache\Admin\9bb5e7ead1bbec7c3d970a481af28a6e.php 第 94 行.
NOTIC: [8] Undefined variable: version D:\xiaolei\farm\Runtime\Cache\Admin\9bb5e7ead1bbec7c3d970a481af28a6e.php 第 168 行.
NOTIC: [8] Undefined variable: version D:\xiaolei\farm\Runtime\Cache\Admin\9bb5e7ead1bbec7c3d970a481af28a6e.php 第 179 行.
NOTIC: [8] Undefined variable: version D:\xiaolei\farm\Runtime\Cache\Admin\9bb5e7ead1bbec7c3d970a481af28a6e.php 第 182 行.
NOTIC: [8] Undefined variable: version D:\xiaolei\farm\Runtime\Cache\Admin\9bb5e7ead1bbec7c3d970a481af28a6e.php 第 281 行.
INFO: Run Behavior\ParseTemplateBehavior [ RunTime:0.049080s ]
INFO: [ view_parse ] --END-- [ RunTime:0.049114s ]
INFO: [ view_filter ] --START--
INFO: Run Behavior\WriteHtmlCacheBehavior [ RunTime:0.000276s ]
INFO: [ view_filter ] --END-- [ RunTime:0.000304s ]
INFO: [ app_end ] --START--
INFO: Run Behavior\ShowPageTraceBehavior [ RunTime:0.000936s ]
INFO: [ app_end ] --END-- [ RunTime:0.001009s ]

[ 2017-03-10T09:48:57+08:00 ] ::1 /index.php/Admin/Config/index.html
INFO: [ app_init ] --START--
INFO: Run Behavior\BuildLiteBehavior [ RunTime:0.000010s ]
INFO: [ app_init ] --END-- [ RunTime:0.000343s ]
INFO: [ app_begin ] --START--
INFO: Run Behavior\ReadHtmlCacheBehavior [ RunTime:0.000448s ]
INFO: [ app_begin ] --END-- [ RunTime:0.000486s ]
SQL: SHOW COLUMNS FROM `farm_auth_group` [ RunTime:0.0161s ]
SQL: SELECT `rules` FROM `farm_auth_group` WHERE `id` = 1 LIMIT 1   [ RunTime:0.0002s ]
SQL: SHOW COLUMNS FROM `farm_auth_rule` [ RunTime:0.0062s ]
SQL: SELECT * FROM `farm_auth_rule` WHERE `id` IN ('1','22','23','20','21','18','19','2','7','4','3','6','14','17','24','25','26','27') ORDER BY sorts asc,id asc  [ RunTime:0.0004s ]
SQL: SHOW COLUMNS FROM `farm_auth_rule` [ RunTime:0.0040s ]
SQL: SELECT * FROM `farm_auth_rule` WHERE `name` = 'Config/index' LIMIT 1   [ RunTime:0.0002s ]
SQL: SHOW COLUMNS FROM `farm_config` [ RunTime:0.0060s ]
SQL: SELECT * FROM `farm_config` WHERE ( type=1 ) ORDER BY id asc  [ RunTime:0.0003s ]
SQL: SELECT * FROM `farm_config` WHERE ( type=2 ) ORDER BY id asc  [ RunTime:0.0002s ]
INFO: [ view_parse ] --START--
INFO: [ template_filter ] --START--
INFO: Run Behavior\ContentReplaceBehavior [ RunTime:0.000107s ]
INFO: [ template_filter ] --END-- [ RunTime:0.000151s ]
NOTIC: [8] Undefined index: user_auth D:\xiaolei\farm\Runtime\Cache\Admin\9bb5e7ead1bbec7c3d970a481af28a6e.php 第 83 行.
NOTIC: [8] Undefined index: user_auth D:\xiaolei\farm\Runtime\Cache\Admin\9bb5e7ead1bbec7c3d970a481af28a6e.php 第 85 行.
NOTIC: [8] Undefined index: hasChild D:\xiaolei\farm\Runtime\Cache\Admin\9bb5e7ead1bbec7c3d970a481af28a6e.php 第 94 行.
NOTIC: [8] Undefined index: hasChild D:\xiaolei\farm\Runtime\Cache\Admin\9bb5e7ead1bbec7c3d970a481af28a6e.php 第 94 行.
NOTIC: [8] Undefined index: hasChild D:\xiaolei\farm\Runtime\Cache\Admin\9bb5e7ead1bbec7c3d970a481af28a6e.php 第 94 行.
NOTIC: [8] Undefined index: hasChild D:\xiaolei\farm\Runtime\Cache\Admin\9bb5e7ead1bbec7c3d970a481af28a6e.php 第 94 行.
NOTIC: [8] Undefined index: hasChild D:\xiaolei\farm\Runtime\Cache\Admin\9bb5e7ead1bbec7c3d970a481af28a6e.php 第 94 行.
NOTIC: [8] Undefined index: hasChild D:\xiaolei\farm\Runtime\Cache\Admin\9bb5e7ead1bbec7c3d970a481af28a6e.php 第 94 行.
NOTIC: [8] Undefined index: hasChild D:\xiaolei\farm\Runtime\Cache\Admin\9bb5e7ead1bbec7c3d970a481af28a6e.php 第 94 行.
NOTIC: [8] Undefined index: hasChild D:\xiaolei\farm\Runtime\Cache\Admin\9bb5e7ead1bbec7c3d970a481af28a6e.php 第 94 行.
NOTIC: [8] Undefined index: hasChild D:\xiaolei\farm\Runtime\Cache\Admin\9bb5e7ead1bbec7c3d970a481af28a6e.php 第 94 行.
NOTIC: [8] Undefined index: hasChild D:\xiaolei\farm\Runtime\Cache\Admin\9bb5e7ead1bbec7c3d970a481af28a6e.php 第 94 行.
NOTIC: [8] Undefined variable: version D:\xiaolei\farm\Runtime\Cache\Admin\9bb5e7ead1bbec7c3d970a481af28a6e.php 第 168 行.
NOTIC: [8] Undefined variable: version D:\xiaolei\farm\Runtime\Cache\Admin\9bb5e7ead1bbec7c3d970a481af28a6e.php 第 179 行.
NOTIC: [8] Undefined variable: version D:\xiaolei\farm\Runtime\Cache\Admin\9bb5e7ead1bbec7c3d970a481af28a6e.php 第 182 行.
NOTIC: [8] Undefined variable: version D:\xiaolei\farm\Runtime\Cache\Admin\9bb5e7ead1bbec7c3d970a481af28a6e.php 第 281 行.
INFO: Run Behavior\ParseTemplateBehavior [ RunTime:0.049768s ]
INFO: [ view_parse ] --END-- [ RunTime:0.049805s ]
INFO: [ view_filter ] --START--
INFO: Run Behavior\WriteHtmlCacheBehavior [ RunTime:0.000274s ]
INFO: [ view_filter ] --END-- [ RunTime:0.000303s ]
INFO: [ app_end ] --START--
INFO: Run Behavior\ShowPageTraceBehavior [ RunTime:0.000928s ]
INFO: [ app_end ] --END-- [ RunTime:0.001012s ]

[ 2017-03-10T09:49:00+08:00 ] ::1 /index.php/Admin/Config/farm.html
INFO: [ app_init ] --START--
INFO: Run Behavior\BuildLiteBehavior [ RunTime:0.000010s ]
INFO: [ app_init ] --END-- [ RunTime:0.000336s ]
INFO: [ app_begin ] --START--
INFO: Run Behavior\ReadHtmlCacheBehavior [ RunTime:0.000453s ]
INFO: [ app_begin ] --END-- [ RunTime:0.000490s ]
SQL: SHOW COLUMNS FROM `farm_auth_group` [ RunTime:0.0093s ]
SQL: SELECT `rules` FROM `farm_auth_group` WHERE `id` = 1 LIMIT 1   [ RunTime:0.0002s ]
SQL: SHOW COLUMNS FROM `farm_auth_rule` [ RunTime:0.0121s ]
SQL: SELECT * FROM `farm_auth_rule` WHERE `id` IN ('1','22','23','20','21','18','19','2','7','4','3','6','14','17','24','25','26','27') ORDER BY sorts asc,id asc  [ RunTime:0.0005s ]
SQL: SHOW COLUMNS FROM `farm_auth_rule` [ RunTime:0.1163s ]
SQL: SELECT * FROM `farm_auth_rule` WHERE `name` = 'Config/index' LIMIT 1   [ RunTime:0.0003s ]
SQL: SHOW COLUMNS FROM `farm_config` [ RunTime:0.0335s ]
SQL: UPDATE `farm_config` SET `value`='300' WHERE ( id=8 ) [ RunTime:0.0002s ]
SQL: UPDATE `farm_config` SET `value`='3000' WHERE ( id=9 ) [ RunTime:0.0001s ]
SQL: UPDATE `farm_config` SET `value`='0.05' WHERE ( id=10 ) [ RunTime:0.0001s ]
SQL: UPDATE `farm_config` SET `value`='0.10' WHERE ( id=11 ) [ RunTime:0.0001s ]
SQL: UPDATE `farm_config` SET `value`='6' WHERE ( id=12 ) [ RunTime:0.0001s ]
SQL: UPDATE `farm_config` SET `value`='0.03' WHERE ( id=13 ) [ RunTime:0.0001s ]
SQL: UPDATE `farm_config` SET `value`='0.02' WHERE ( id=14 ) [ RunTime:0.0001s ]

[ 2017-03-10T09:58:27+08:00 ] 192.168.0.186 /
INFO: [ app_init ] --START--
INFO: Run Behavior\BuildLiteBehavior [ RunTime:0.000016s ]
INFO: [ app_init ] --END-- [ RunTime:0.008101s ]
INFO: [ app_begin ] --START--
INFO: Run Behavior\ReadHtmlCacheBehavior [ RunTime:0.000768s ]
INFO: [ app_begin ] --END-- [ RunTime:0.000812s ]

